<?xml version="1.0" encoding="UTF-8"?>
<!-- Generated by org.testng.reporters.JUnitXMLReporter -->
<testsuite hostname="VICKY" name="Mobile Automation Test on Pixel 2" tests="10" failures="0" timestamp="8 Jan 2021 08:58:17 GMT" time="347.108" errors="0">
  <testcase name="invalidUsernameTest" time="29.802" classname="com.TestCases.LoginTest"/>
  <testcase name="invalidPasswordTest" time="30.972" classname="com.TestCases.LoginTest"/>
  <testcase name="validUsernameTest" time="31.247" classname="com.TestCases.LoginTest"/>
  <testcase name="validateProductsOnProductPage" time="46.91" classname="com.TestCases.ProductInformationTest"/>
  <testcase name="validateProductsOnProductDetailsPage" time="66.516" classname="com.TestCases.ProductInformationTest"/>
  <testcase name="validateAddToCart" time="39.597" classname="com.TestCases.ProductCheckOutTest"/>
  <testcase name="validateProductOnCartPage" time="11.253" classname="com.TestCases.ProductCheckOutTest"/>
  <testcase name="validateProductOnInformationPage" time="27.871" classname="com.TestCases.ProductCheckOutTest"/>
  <testcase name="validateProductOnOverviewPage" time="13.631" classname="com.TestCases.ProductCheckOutTest"/>
  <testcase name="validateProductOrderSucess" time="10.479" classname="com.TestCases.ProductCheckOutTest"/>
</testsuite> <!-- Mobile Automation Test on Pixel 2 -->
