<?xml version="1.0" encoding="UTF-8"?>
<!-- Generated by org.testng.reporters.JUnitXMLReporter -->
<testsuite hostname="VICKY" name="Mobile Automation Test on Pixel 3" tests="3" failures="0" timestamp="14 Jan 2021 03:26:14 GMT" time="128.098" errors="0">
  <testcase name="invalidUsernameTest" time="37.792" classname="com.TestCases.LoginTest"/>
  <testcase name="invalidPasswordTest" time="34.183" classname="com.TestCases.LoginTest"/>
  <testcase name="validUsernameTest" time="17.302" classname="com.TestCases.LoginTest"/>
</testsuite> <!-- Mobile Automation Test on Pixel 3 -->
