<?xml version="1.0" encoding="UTF-8"?>
<!-- Generated by org.testng.reporters.JUnitXMLReporter -->
<testsuite hostname="VICKY" name="Mobile Automation Test on Pixel 4" tests="3" failures="0" timestamp="11 Jan 2021 07:52:01 GMT" time="74.607" errors="0">
  <testcase name="invalidUsernameTest" time="14.023" classname="com.TestCases.LoginTest"/>
  <testcase name="invalidPasswordTest" time="13.078" classname="com.TestCases.LoginTest"/>
  <testcase name="validUsernameTest" time="15.546" classname="com.TestCases.LoginTest"/>
</testsuite> <!-- Mobile Automation Test on Pixel 4 -->
