<?xml version="1.0" encoding="UTF-8"?>
<testng-results skipped="0" failed="0" total="6" passed="6">
  <reporter-output>
  </reporter-output>
  <suite name="Suite" duration-ms="134941" started-at="2021-01-14T03:24:06Z" finished-at="2021-01-14T03:26:21Z">
    <groups>
      <group name="smoke">
        <method signature="LoginTest.invalidPasswordTest()[pri:2, instance:com.TestCases.LoginTest@782663d3]" name="invalidPasswordTest" class="com.TestCases.LoginTest"/>
        <method signature="LoginTest.invalidUsernameTest()[pri:1, instance:com.TestCases.LoginTest@782663d3]" name="invalidUsernameTest" class="com.TestCases.LoginTest"/>
        <method signature="LoginTest.validUsernameTest()[pri:3, instance:com.TestCases.LoginTest@782663d3]" name="validUsernameTest" class="com.TestCases.LoginTest"/>
        <method signature="LoginTest.invalidPasswordTest()[pri:2, instance:com.TestCases.LoginTest@481a15ff]" name="invalidPasswordTest" class="com.TestCases.LoginTest"/>
        <method signature="LoginTest.invalidUsernameTest()[pri:1, instance:com.TestCases.LoginTest@481a15ff]" name="invalidUsernameTest" class="com.TestCases.LoginTest"/>
        <method signature="LoginTest.validUsernameTest()[pri:3, instance:com.TestCases.LoginTest@481a15ff]" name="validUsernameTest" class="com.TestCases.LoginTest"/>
      </group> <!-- smoke -->
    </groups>
    <test name="Mobile Automation Test on Pixel 3" duration-ms="128098" started-at="2021-01-14T03:24:06Z" finished-at="2021-01-14T03:26:14Z">
      <class name="com.TestCases.LoginTest">
        <test-method status="PASS" signature="DriverInitializataion(java.lang.String, java.lang.String, java.lang.String)[pri:0, instance:com.TestCases.LoginTest@481a15ff]" name="DriverInitializataion" is-config="true" duration-ms="33141" started-at="2021-01-14T08:54:06Z" finished-at="2021-01-14T08:54:39Z">
          <params>
            <param index="0">
              <value>
                <![CDATA[Android]]>
              </value>
            </param>
            <param index="1">
              <value>
                <![CDATA[10.0]]>
              </value>
            </param>
            <param index="2">
              <value>
                <![CDATA[Google Pixel 3]]>
              </value>
            </param>
          </params>
          <reporter-output>
          </reporter-output>
        </test-method> <!-- DriverInitializataion -->
        <test-method status="PASS" signature="beforeClass()[pri:0, instance:com.TestCases.LoginTest@481a15ff]" name="beforeClass" is-config="true" duration-ms="5271" started-at="2021-01-14T08:54:39Z" finished-at="2021-01-14T08:54:44Z">
          <reporter-output>
          </reporter-output>
        </test-method> <!-- beforeClass -->
        <test-method status="PASS" signature="invalidUsernameTest()[pri:1, instance:com.TestCases.LoginTest@481a15ff]" name="invalidUsernameTest" duration-ms="37792" started-at="2021-01-14T08:54:44Z" finished-at="2021-01-14T08:55:22Z">
          <reporter-output>
          </reporter-output>
        </test-method> <!-- invalidUsernameTest -->
        <test-method status="PASS" signature="invalidPasswordTest()[pri:2, instance:com.TestCases.LoginTest@481a15ff]" name="invalidPasswordTest" duration-ms="34183" started-at="2021-01-14T08:55:22Z" finished-at="2021-01-14T08:55:56Z">
          <reporter-output>
          </reporter-output>
        </test-method> <!-- invalidPasswordTest -->
        <test-method status="PASS" signature="validUsernameTest()[pri:3, instance:com.TestCases.LoginTest@481a15ff]" name="validUsernameTest" duration-ms="17302" started-at="2021-01-14T08:55:56Z" finished-at="2021-01-14T08:56:14Z">
          <reporter-output>
          </reporter-output>
        </test-method> <!-- validUsernameTest -->
        <test-method status="PASS" signature="QuitTheDriver()[pri:0, instance:com.TestCases.LoginTest@481a15ff]" name="QuitTheDriver" is-config="true" duration-ms="393" started-at="2021-01-14T08:56:14Z" finished-at="2021-01-14T08:56:14Z">
          <reporter-output>
          </reporter-output>
        </test-method> <!-- QuitTheDriver -->
      </class> <!-- com.TestCases.LoginTest -->
    </test> <!-- Mobile Automation Test on Pixel 3 -->
    <test name="Mobile Automation Test on Pixel 2" duration-ms="134941" started-at="2021-01-14T03:24:06Z" finished-at="2021-01-14T03:26:21Z">
      <class name="com.TestCases.LoginTest">
        <test-method status="PASS" signature="DriverInitializataion(java.lang.String, java.lang.String, java.lang.String)[pri:0, instance:com.TestCases.LoginTest@782663d3]" name="DriverInitializataion" is-config="true" duration-ms="36370" started-at="2021-01-14T08:54:06Z" finished-at="2021-01-14T08:54:42Z">
          <params>
            <param index="0">
              <value>
                <![CDATA[Android]]>
              </value>
            </param>
            <param index="1">
              <value>
                <![CDATA[9.0]]>
              </value>
            </param>
            <param index="2">
              <value>
                <![CDATA[Google Pixel 2]]>
              </value>
            </param>
          </params>
          <reporter-output>
          </reporter-output>
        </test-method> <!-- DriverInitializataion -->
        <test-method status="PASS" signature="beforeClass()[pri:0, instance:com.TestCases.LoginTest@782663d3]" name="beforeClass" is-config="true" duration-ms="2207" started-at="2021-01-14T08:54:42Z" finished-at="2021-01-14T08:54:44Z">
          <reporter-output>
          </reporter-output>
        </test-method> <!-- beforeClass -->
        <test-method status="PASS" signature="invalidUsernameTest()[pri:1, instance:com.TestCases.LoginTest@782663d3]" name="invalidUsernameTest" duration-ms="42598" started-at="2021-01-14T08:54:44Z" finished-at="2021-01-14T08:55:27Z">
          <reporter-output>
          </reporter-output>
        </test-method> <!-- invalidUsernameTest -->
        <test-method status="PASS" signature="invalidPasswordTest()[pri:2, instance:com.TestCases.LoginTest@782663d3]" name="invalidPasswordTest" duration-ms="35573" started-at="2021-01-14T08:55:27Z" finished-at="2021-01-14T08:56:03Z">
          <reporter-output>
          </reporter-output>
        </test-method> <!-- invalidPasswordTest -->
        <test-method status="PASS" signature="validUsernameTest()[pri:3, instance:com.TestCases.LoginTest@782663d3]" name="validUsernameTest" duration-ms="17762" started-at="2021-01-14T08:56:03Z" finished-at="2021-01-14T08:56:20Z">
          <reporter-output>
          </reporter-output>
        </test-method> <!-- validUsernameTest -->
        <test-method status="PASS" signature="QuitTheDriver()[pri:0, instance:com.TestCases.LoginTest@782663d3]" name="QuitTheDriver" is-config="true" duration-ms="429" started-at="2021-01-14T08:56:20Z" finished-at="2021-01-14T08:56:21Z">
          <reporter-output>
          </reporter-output>
        </test-method> <!-- QuitTheDriver -->
      </class> <!-- com.TestCases.LoginTest -->
    </test> <!-- Mobile Automation Test on Pixel 2 -->
  </suite> <!-- Suite -->
</testng-results>
